<?xml version="1.0" encoding="UTF-8"?>
<!-- Generated by org.testng.reporters.JUnitReportReporter -->
<testsuite skipped="0" hostname="PKAPC-DELL1420" name="testCases.MergeLeadWD" tests="2" failures="0" timestamp="06 Dec 2017 16:11:32 GMT" time="176.559" errors="0">
  <testcase name="MergeLead" time="94.990" classname="testCases.MergeLeadWD"/>
  <testcase name="MergeLead" time="81.569" classname="testCases.MergeLeadWD"/>
</testsuite> <!-- testCases.MergeLeadWD -->
