<?xml version="1.0" encoding="UTF-8"?>
<!-- Generated by org.testng.reporters.JUnitReportReporter -->
<testsuite skipped="0" hostname="PKAPC-DELL1420" name="excellearn.CreatehtmlReports" tests="1" failures="0" timestamp="09 Dec 2017 06:53:25 GMT" time="1.283" errors="0">
  <testcase name="Report" time="1.283" classname="excellearn.CreatehtmlReports"/>
</testsuite> <!-- excellearn.CreatehtmlReports -->
