<?xml version="1.0" encoding="UTF-8"?>
<!-- Generated by org.testng.reporters.JUnitReportReporter -->
<testsuite skipped="0" hostname="PKAPC-DELL1420" name="testCases.EditLeadWD" tests="1" failures="0" timestamp="06 Dec 2017 16:11:32 GMT" time="58.440" errors="0">
  <testcase name="editLead" time="58.440" classname="testCases.EditLeadWD"/>
</testsuite> <!-- testCases.EditLeadWD -->
