<?xml version="1.0" encoding="UTF-8"?>
<!-- Generated by org.testng.reporters.JUnitReportReporter -->
<testsuite skipped="0" hostname="PKAPC-DELL1420" name="testCases.DuplicateLeadWD" tests="2" failures="0" timestamp="06 Dec 2017 16:11:32 GMT" time="140.283" errors="0">
  <testcase name="duplicateLead" time="71.291" classname="testCases.DuplicateLeadWD"/>
  <testcase name="duplicateLead" time="68.992" classname="testCases.DuplicateLeadWD"/>
</testsuite> <!-- testCases.DuplicateLeadWD -->
