<?xml version="1.0" encoding="UTF-8"?>
<!-- Generated by org.testng.reporters.JUnitReportReporter -->
<testsuite skipped="0" hostname="PKAPC-DELL1420" name="testCases.CreateContactWD" tests="1" failures="0" timestamp="06 Dec 2017 11:52:23 GMT" time="84.589" errors="0">
  <testcase name="createContact" time="84.589" classname="testCases.CreateContactWD"/>
</testsuite> <!-- testCases.CreateContactWD -->
